/home/pi/.rvm/gems/ruby-2.2.1/gems/activerecord-4.2.3/lib/active_record/relation/delegation.rb:15:in `initialize_relation_delegate_cache': cannot load such file -- active_record/relation (LoadError)
	from /home/pi/.rvm/gems/ruby-2.2.1/gems/activerecord-4.2.3/lib/active_record/relation/delegation.rb:28:in `inherited'
	from /home/pi/.rvm/gems/ruby-2.2.1/gems/activerecord-4.2.3/lib/active_record/core.rb:123:in `inherited'
	from /home/pi/.rvm/gems/ruby-2.2.1/gems/activemodel-4.2.3/lib/active_model/validations.rb:273:in `inherited'
	from /home/pi/.rvm/gems/ruby-2.2.1/gems/activerecord-4.2.3/lib/active_record/locking/optimistic.rb:186:in `inherited'
	from /home/pi/.rvm/gems/ruby-2.2.1/gems/activerecord-4.2.3/lib/active_record/attribute_methods.rb:66:in `inherited'
	from /home/pi/.rvm/gems/ruby-2.2.1/gems/activerecord-4.2.3/lib/active_record/attribute_methods/time_zone_conversion.rb:58:in `inherited'
	from /home/pi/RailsServer/swiftshareOnRails/app/models/scheduler.rb:1:in `<top (required)>'
	from /home/pi/.rvm/gems/ruby-2.2.1/gems/activesupport-4.2.3/lib/active_support/dependencies.rb:457:in `load'
	from /home/pi/.rvm/gems/ruby-2.2.1/gems/activesupport-4.2.3/lib/active_support/dependencies.rb:457:in `block in load_file'
	from /home/pi/.rvm/gems/ruby-2.2.1/gems/activesupport-4.2.3/lib/active_support/dependencies.rb:647:in `new_constants_in'
	from /home/pi/.rvm/gems/ruby-2.2.1/gems/activesupport-4.2.3/lib/active_support/dependencies.rb:456:in `load_file'
	from /home/pi/.rvm/gems/ruby-2.2.1/gems/activesupport-4.2.3/lib/active_support/dependencies.rb:354:in `require_or_load'
	from /home/pi/.rvm/gems/ruby-2.2.1/gems/activesupport-4.2.3/lib/active_support/dependencies.rb:494:in `load_missing_constant'
	from /home/pi/.rvm/gems/ruby-2.2.1/gems/activesupport-4.2.3/lib/active_support/dependencies.rb:184:in `const_missing'
	from /home/pi/.rvm/gems/ruby-2.2.1/gems/railties-4.2.3/lib/rails/commands/runner.rb:62:in `<top (required)>'
	from /home/pi/.rvm/gems/ruby-2.2.1/gems/railties-4.2.3/lib/rails/commands/runner.rb:62:in `eval'
	from /home/pi/.rvm/gems/ruby-2.2.1/gems/railties-4.2.3/lib/rails/commands/runner.rb:62:in `<top (required)>'
	from /home/pi/.rvm/gems/ruby-2.2.1/gems/activesupport-4.2.3/lib/active_support/dependencies.rb:274:in `require'
	from /home/pi/.rvm/gems/ruby-2.2.1/gems/activesupport-4.2.3/lib/active_support/dependencies.rb:274:in `block in require'
	from /home/pi/.rvm/gems/ruby-2.2.1/gems/activesupport-4.2.3/lib/active_support/dependencies.rb:240:in `load_dependency'
	from /home/pi/.rvm/gems/ruby-2.2.1/gems/activesupport-4.2.3/lib/active_support/dependencies.rb:274:in `require'
	from /home/pi/.rvm/gems/ruby-2.2.1/gems/railties-4.2.3/lib/rails/commands/commands_tasks.rb:123:in `require_command!'
	from /home/pi/.rvm/gems/ruby-2.2.1/gems/railties-4.2.3/lib/rails/commands/commands_tasks.rb:90:in `runner'
	from /home/pi/.rvm/gems/ruby-2.2.1/gems/railties-4.2.3/lib/rails/commands/commands_tasks.rb:39:in `run_command!'
	from /home/pi/.rvm/gems/ruby-2.2.1/gems/railties-4.2.3/lib/rails/commands.rb:17:in `<top (required)>'
	from /home/pi/.rvm/gems/ruby-2.2.1/gems/activesupport-4.2.3/lib/active_support/dependencies.rb:274:in `require'
	from /home/pi/.rvm/gems/ruby-2.2.1/gems/activesupport-4.2.3/lib/active_support/dependencies.rb:274:in `block in require'
	from /home/pi/.rvm/gems/ruby-2.2.1/gems/activesupport-4.2.3/lib/active_support/dependencies.rb:240:in `load_dependency'
	from /home/pi/.rvm/gems/ruby-2.2.1/gems/activesupport-4.2.3/lib/active_support/dependencies.rb:274:in `require'
	from /home/pi/RailsServer/swiftshareOnRails/bin/rails:8:in `<top (required)>'
	from /home/pi/.rvm/gems/ruby-2.2.1/gems/activesupport-4.2.3/lib/active_support/dependencies.rb:268:in `load'
	from /home/pi/.rvm/gems/ruby-2.2.1/gems/activesupport-4.2.3/lib/active_support/dependencies.rb:268:in `block in load'
	from /home/pi/.rvm/gems/ruby-2.2.1/gems/activesupport-4.2.3/lib/active_support/dependencies.rb:240:in `load_dependency'
	from /home/pi/.rvm/gems/ruby-2.2.1/gems/activesupport-4.2.3/lib/active_support/dependencies.rb:268:in `load'
	from /home/pi/.rvm/rubies/ruby-2.2.1/lib/ruby/site_ruby/2.2.0/rubygems/core_ext/kernel_require.rb:54:in `require'
	from /home/pi/.rvm/rubies/ruby-2.2.1/lib/ruby/site_ruby/2.2.0/rubygems/core_ext/kernel_require.rb:54:in `require'
	from -e:1:in `<main>'
